  [1m[35m (87.0ms)[0m  [1m[35mCREATE DATABASE "ransack_demo_development" ENCODING = 'unicode'[0m
  [1m[35m (85.0ms)[0m  [1m[35mCREATE DATABASE "ransack_demo_test" ENCODING = 'unicode'[0m
  [1m[35m (2.3ms)[0m  [1m[35mCREATE DATABASE "ransack_demo_development" ENCODING = 'unicode'[0m
  [1m[35m (0.5ms)[0m  [1m[35mCREATE DATABASE "ransack_demo_test" ENCODING = 'unicode'[0m
  [1m[35m (8.5ms)[0m  [1m[35mCREATE TABLE "schema_migrations" ("version" character varying NOT NULL PRIMARY KEY)[0m
  [1m[35m (6.5ms)[0m  [1m[35mCREATE TABLE "ar_internal_metadata" ("key" character varying NOT NULL PRIMARY KEY, "value" character varying, "created_at" timestamp(6) NOT NULL, "updated_at" timestamp(6) NOT NULL)[0m
  [1m[35m (0.2ms)[0m  [1m[34mSELECT pg_try_advisory_lock(7874907338758102545)[0m
  [1m[35m (0.5ms)[0m  [1m[34mSELECT "schema_migrations"."version" FROM "schema_migrations" ORDER BY "schema_migrations"."version" ASC[0m
Migrating to CreateUsers (20210715021657)
  [1m[36mTRANSACTION (0.2ms)[0m  [1m[35mBEGIN[0m
  [1m[35m (6.8ms)[0m  [1m[35mCREATE TABLE "users" ("id" bigserial primary key, "name" character varying, "phone" character varying, "created_at" timestamp(6) NOT NULL, "updated_at" timestamp(6) NOT NULL)[0m
  [1m[36mActiveRecord::SchemaMigration Create (0.5ms)[0m  [1m[32mINSERT INTO "schema_migrations" ("version") VALUES ($1) RETURNING "version"[0m  [["version", "20210715021657"]]
  [1m[36mTRANSACTION (1.1ms)[0m  [1m[35mCOMMIT[0m
  [1m[36mActiveRecord::InternalMetadata Load (0.4ms)[0m  [1m[34mSELECT "ar_internal_metadata".* FROM "ar_internal_metadata" WHERE "ar_internal_metadata"."key" = $1 LIMIT $2[0m  [["key", "environment"], ["LIMIT", 1]]
  [1m[36mTRANSACTION (0.2ms)[0m  [1m[35mBEGIN[0m
  [1m[36mActiveRecord::InternalMetadata Create (0.5ms)[0m  [1m[32mINSERT INTO "ar_internal_metadata" ("key", "value", "created_at", "updated_at") VALUES ($1, $2, $3, $4) RETURNING "key"[0m  [["key", "environment"], ["value", "development"], ["created_at", "2021-07-15 02:17:37.089641"], ["updated_at", "2021-07-15 02:17:37.089641"]]
  [1m[36mTRANSACTION (1.3ms)[0m  [1m[35mCOMMIT[0m
  [1m[35m (0.5ms)[0m  [1m[34mSELECT pg_advisory_unlock(7874907338758102545)[0m
  [1m[35m (0.6ms)[0m  [1m[34mSELECT "schema_migrations"."version" FROM "schema_migrations" ORDER BY "schema_migrations"."version" ASC[0m
Started GET "/" for 127.0.0.1 at 2021-07-15 07:52:29 +0530
  [1m[35m (1.2ms)[0m  [1m[34mSELECT "schema_migrations"."version" FROM "schema_migrations" ORDER BY "schema_migrations"."version" ASC[0m
Processing by UsersController#index as HTML
  Rendering layout layouts/application.html.erb
  Rendering users/index.html.erb within layouts/application
  [1m[36mUser Load (1.9ms)[0m  [1m[34mSELECT "users".* FROM "users"[0m
  ↳ app/views/users/index.html.erb:11
  Rendered users/index.html.erb within layouts/application (Duration: 6.0ms | Allocations: 1714)
[Webpacker] Compiling...
[Webpacker] Compiled all packs in /home/meet/Documents/tntra/ransack-demo/public/packs
[Webpacker] Though the "loose" option was set to "false" in your @babel/preset-env config, it will not be used for @babel/plugin-proposal-private-methods since the "loose" mode option was set to "true" for @babel/plugin-proposal-class-properties.
The "loose" option must be the same for @babel/plugin-proposal-class-properties, @babel/plugin-proposal-private-methods and @babel/plugin-proposal-private-property-in-object (when they are enabled): you can silence this warning by explicitly adding
	["@babel/plugin-proposal-private-methods", { "loose": true }]
to the "plugins" section of your Babel config.
Though the "loose" option was set to "false" in your @babel/preset-env config, it will not be used for @babel/plugin-proposal-private-methods since the "loose" mode option was set to "true" for @babel/plugin-proposal-class-properties.
The "loose" option must be the same for @babel/plugin-proposal-class-properties, @babel/plugin-proposal-private-methods and @babel/plugin-proposal-private-property-in-object (when they are enabled): you can silence this warning by explicitly adding
	["@babel/plugin-proposal-private-methods", { "loose": true }]
to the "plugins" section of your Babel config.
Though the "loose" option was set to "false" in your @babel/preset-env config, it will not be used for @babel/plugin-proposal-private-methods since the "loose" mode option was set to "true" for @babel/plugin-proposal-class-properties.
The "loose" option must be the same for @babel/plugin-proposal-class-properties, @babel/plugin-proposal-private-methods and @babel/plugin-proposal-private-property-in-object (when they are enabled): you can silence this warning by explicitly adding
	["@babel/plugin-proposal-private-methods", { "loose": true }]
to the "plugins" section of your Babel config.
Though the "loose" option was set to "false" in your @babel/preset-env config, it will not be used for @babel/plugin-proposal-private-methods since the "loose" mode option was set to "true" for @babel/plugin-proposal-class-properties.
The "loose" option must be the same for @babel/plugin-proposal-class-properties, @babel/plugin-proposal-private-methods and @babel/plugin-proposal-private-property-in-object (when they are enabled): you can silence this warning by explicitly adding
	["@babel/plugin-proposal-private-methods", { "loose": true }]
to the "plugins" section of your Babel config.
Though the "loose" option was set to "false" in your @babel/preset-env config, it will not be used for @babel/plugin-proposal-private-methods since the "loose" mode option was set to "true" for @babel/plugin-proposal-class-properties.
The "loose" option must be the same for @babel/plugin-proposal-class-properties, @babel/plugin-proposal-private-methods and @babel/plugin-proposal-private-property-in-object (when they are enabled): you can silence this warning by explicitly adding
	["@babel/plugin-proposal-private-methods", { "loose": true }]
to the "plugins" section of your Babel config.
Though the "loose" option was set to "false" in your @babel/preset-env config, it will not be used for @babel/plugin-proposal-private-methods since the "loose" mode option was set to "true" for @babel/plugin-proposal-class-properties.
The "loose" option must be the same for @babel/plugin-proposal-class-properties, @babel/plugin-proposal-private-methods and @babel/plugin-proposal-private-property-in-object (when they are enabled): you can silence this warning by explicitly adding
	["@babel/plugin-proposal-private-methods", { "loose": true }]
to the "plugins" section of your Babel config.

[Webpacker] Hash: e2a8a876c5815bee1e21
Version: webpack 4.46.0
Time: 1756ms
Built at: 07/15/2021 7:52:32 AM
                                     Asset       Size       Chunks                         Chunk Names
    js/application-e421b4aa3f716bebdab1.js    125 KiB  application  [emitted] [immutable]  application
js/application-e421b4aa3f716bebdab1.js.map    139 KiB  application  [emitted] [dev]        application
                             manifest.json  364 bytes               [emitted]              
Entrypoint application = js/application-e421b4aa3f716bebdab1.js js/application-e421b4aa3f716bebdab1.js.map
[./app/javascript/channels sync recursive _channel\.js$] ./app/javascript/channels sync _channel\.js$ 160 bytes {application} [built]
[./app/javascript/channels/index.js] 211 bytes {application} [built]
[./app/javascript/packs/application.js] 492 bytes {application} [built]
[./node_modules/webpack/buildin/module.js] (webpack)/buildin/module.js 552 bytes {application} [built]
    + 3 hidden modules

  Rendered layout layouts/application.html.erb (Duration: 3299.7ms | Allocations: 16197)
Completed 200 OK in 3318ms (Views: 3303.3ms | ActiveRecord: 1.9ms | Allocations: 21370)


Started GET "/users/new" for 127.0.0.1 at 2021-07-15 07:52:34 +0530
Processing by UsersController#new as HTML
  Rendering layout layouts/application.html.erb
  Rendering users/new.html.erb within layouts/application
  Rendered users/_form.html.erb (Duration: 67.4ms | Allocations: 20858)
  Rendered users/new.html.erb within layouts/application (Duration: 68.6ms | Allocations: 21228)
[Webpacker] Everything's up-to-date. Nothing to do
  Rendered layout layouts/application.html.erb (Duration: 77.5ms | Allocations: 24240)
Completed 200 OK in 94ms (Views: 78.2ms | ActiveRecord: 7.2ms | Allocations: 28605)


Started POST "/users" for 127.0.0.1 at 2021-07-15 07:52:42 +0530
Processing by UsersController#create as HTML
  Parameters: {"authenticity_token"=>"[FILTERED]", "user"=>{"name"=>"Mike", "phone"=>"1234567890"}, "commit"=>"Create User"}
  [1m[36mTRANSACTION (1.1ms)[0m  [1m[35mBEGIN[0m
  ↳ app/controllers/users_controller.rb:17:in `create'
  [1m[36mUser Create (1.6ms)[0m  [1m[32mINSERT INTO "users" ("name", "phone", "created_at", "updated_at") VALUES ($1, $2, $3, $4) RETURNING "id"[0m  [["name", "Mike"], ["phone", "1234567890"], ["created_at", "2021-07-15 02:22:42.586591"], ["updated_at", "2021-07-15 02:22:42.586591"]]
  ↳ app/controllers/users_controller.rb:17:in `create'
  [1m[36mTRANSACTION (1.8ms)[0m  [1m[35mCOMMIT[0m
  ↳ app/controllers/users_controller.rb:17:in `create'
Redirected to http://localhost:3000/users/1
Completed 302 Found in 31ms (ActiveRecord: 4.5ms | Allocations: 3633)


Started GET "/users/1" for 127.0.0.1 at 2021-07-15 07:52:42 +0530
Processing by UsersController#show as HTML
  Parameters: {"id"=>"1"}
  [1m[36mUser Load (0.9ms)[0m  [1m[34mSELECT "users".* FROM "users" WHERE "users"."id" = $1 LIMIT $2[0m  [["id", 1], ["LIMIT", 1]]
  ↳ app/controllers/users_controller.rb:7:in `show'
  Rendering layout layouts/application.html.erb
  Rendering users/show.html.erb within layouts/application
  Rendered users/show.html.erb within layouts/application (Duration: 0.9ms | Allocations: 252)
[Webpacker] Everything's up-to-date. Nothing to do
  Rendered layout layouts/application.html.erb (Duration: 8.3ms | Allocations: 3267)
Completed 200 OK in 17ms (Views: 9.0ms | ActiveRecord: 1.9ms | Allocations: 5612)


Started GET "/users" for 127.0.0.1 at 2021-07-15 07:52:43 +0530
Processing by UsersController#index as HTML
  Rendering layout layouts/application.html.erb
  Rendering users/index.html.erb within layouts/application
  [1m[36mUser Load (1.8ms)[0m  [1m[34mSELECT "users".* FROM "users"[0m
  ↳ app/views/users/index.html.erb:11
  Rendered users/index.html.erb within layouts/application (Duration: 5.8ms | Allocations: 1011)
[Webpacker] Everything's up-to-date. Nothing to do
  Rendered layout layouts/application.html.erb (Duration: 15.2ms | Allocations: 3861)
Completed 200 OK in 18ms (Views: 14.6ms | ActiveRecord: 1.8ms | Allocations: 4365)


Started GET "/users/new" for 127.0.0.1 at 2021-07-15 07:52:44 +0530
Processing by UsersController#new as HTML
  Rendering layout layouts/application.html.erb
  Rendering users/new.html.erb within layouts/application
  Rendered users/_form.html.erb (Duration: 2.3ms | Allocations: 742)
  Rendered users/new.html.erb within layouts/application (Duration: 2.7ms | Allocations: 840)
[Webpacker] Everything's up-to-date. Nothing to do
  Rendered layout layouts/application.html.erb (Duration: 10.3ms | Allocations: 3678)
Completed 200 OK in 12ms (Views: 11.1ms | ActiveRecord: 0.0ms | Allocations: 4153)


Started POST "/users" for 127.0.0.1 at 2021-07-15 07:52:52 +0530
Processing by UsersController#create as HTML
  Parameters: {"authenticity_token"=>"[FILTERED]", "user"=>{"name"=>"Harvey", "phone"=>"1234567890"}, "commit"=>"Create User"}
  [1m[36mTRANSACTION (1.0ms)[0m  [1m[35mBEGIN[0m
  ↳ app/controllers/users_controller.rb:17:in `create'
  [1m[36mUser Create (0.9ms)[0m  [1m[32mINSERT INTO "users" ("name", "phone", "created_at", "updated_at") VALUES ($1, $2, $3, $4) RETURNING "id"[0m  [["name", "Harvey"], ["phone", "1234567890"], ["created_at", "2021-07-15 02:22:52.941868"], ["updated_at", "2021-07-15 02:22:52.941868"]]
  ↳ app/controllers/users_controller.rb:17:in `create'
  [1m[36mTRANSACTION (39.9ms)[0m  [1m[35mCOMMIT[0m
  ↳ app/controllers/users_controller.rb:17:in `create'
Redirected to http://localhost:3000/users/2
Completed 302 Found in 47ms (ActiveRecord: 41.8ms | Allocations: 2692)


Started GET "/users/2" for 127.0.0.1 at 2021-07-15 07:52:52 +0530
Processing by UsersController#show as HTML
  Parameters: {"id"=>"2"}
  [1m[36mUser Load (0.9ms)[0m  [1m[34mSELECT "users".* FROM "users" WHERE "users"."id" = $1 LIMIT $2[0m  [["id", 2], ["LIMIT", 1]]
  ↳ app/controllers/users_controller.rb:7:in `show'
  Rendering layout layouts/application.html.erb
  Rendering users/show.html.erb within layouts/application
  Rendered users/show.html.erb within layouts/application (Duration: 0.2ms | Allocations: 75)
[Webpacker] Everything's up-to-date. Nothing to do
  Rendered layout layouts/application.html.erb (Duration: 5.3ms | Allocations: 2931)
Completed 200 OK in 9ms (Views: 5.9ms | ActiveRecord: 0.9ms | Allocations: 4065)


Started GET "/users" for 127.0.0.1 at 2021-07-15 07:52:53 +0530
Processing by UsersController#index as HTML
  Rendering layout layouts/application.html.erb
  Rendering users/index.html.erb within layouts/application
  [1m[36mUser Load (1.2ms)[0m  [1m[34mSELECT "users".* FROM "users"[0m
  ↳ app/views/users/index.html.erb:11
  Rendered users/index.html.erb within layouts/application (Duration: 4.1ms | Allocations: 1062)
[Webpacker] Everything's up-to-date. Nothing to do
  Rendered layout layouts/application.html.erb (Duration: 9.4ms | Allocations: 3910)
Completed 200 OK in 11ms (Views: 9.1ms | ActiveRecord: 1.2ms | Allocations: 4367)


Started GET "/users/new" for 127.0.0.1 at 2021-07-15 07:52:55 +0530
Processing by UsersController#new as HTML
  Rendering layout layouts/application.html.erb
  Rendering users/new.html.erb within layouts/application
  Rendered users/_form.html.erb (Duration: 1.7ms | Allocations: 674)
  Rendered users/new.html.erb within layouts/application (Duration: 2.0ms | Allocations: 768)
[Webpacker] Everything's up-to-date. Nothing to do
  Rendered layout layouts/application.html.erb (Duration: 7.6ms | Allocations: 3604)
Completed 200 OK in 9ms (Views: 8.4ms | ActiveRecord: 0.0ms | Allocations: 4063)


Started POST "/users" for 127.0.0.1 at 2021-07-15 07:53:02 +0530
Processing by UsersController#create as HTML
  Parameters: {"authenticity_token"=>"[FILTERED]", "user"=>{"name"=>"Donna", "phone"=>"1234567890"}, "commit"=>"Create User"}
  [1m[36mTRANSACTION (0.8ms)[0m  [1m[35mBEGIN[0m
  ↳ app/controllers/users_controller.rb:17:in `create'
  [1m[36mUser Create (1.0ms)[0m  [1m[32mINSERT INTO "users" ("name", "phone", "created_at", "updated_at") VALUES ($1, $2, $3, $4) RETURNING "id"[0m  [["name", "Donna"], ["phone", "1234567890"], ["created_at", "2021-07-15 02:23:02.947690"], ["updated_at", "2021-07-15 02:23:02.947690"]]
  ↳ app/controllers/users_controller.rb:17:in `create'
  [1m[36mTRANSACTION (1.9ms)[0m  [1m[35mCOMMIT[0m
  ↳ app/controllers/users_controller.rb:17:in `create'
Redirected to http://localhost:3000/users/3
Completed 302 Found in 10ms (ActiveRecord: 3.7ms | Allocations: 2592)


Started GET "/users/3" for 127.0.0.1 at 2021-07-15 07:53:02 +0530
Processing by UsersController#show as HTML
  Parameters: {"id"=>"3"}
  [1m[36mUser Load (0.9ms)[0m  [1m[34mSELECT "users".* FROM "users" WHERE "users"."id" = $1 LIMIT $2[0m  [["id", 3], ["LIMIT", 1]]
  ↳ app/controllers/users_controller.rb:7:in `show'
  Rendering layout layouts/application.html.erb
  Rendering users/show.html.erb within layouts/application
  Rendered users/show.html.erb within layouts/application (Duration: 0.3ms | Allocations: 75)
[Webpacker] Everything's up-to-date. Nothing to do
  Rendered layout layouts/application.html.erb (Duration: 6.5ms | Allocations: 2923)
Completed 200 OK in 11ms (Views: 7.2ms | ActiveRecord: 0.9ms | Allocations: 4055)


Started GET "/users" for 127.0.0.1 at 2021-07-15 07:53:03 +0530
Processing by UsersController#index as HTML
  Rendering layout layouts/application.html.erb
  Rendering users/index.html.erb within layouts/application
  [1m[36mUser Load (1.1ms)[0m  [1m[34mSELECT "users".* FROM "users"[0m
  ↳ app/views/users/index.html.erb:11
  Rendered users/index.html.erb within layouts/application (Duration: 4.6ms | Allocations: 1147)
[Webpacker] Everything's up-to-date. Nothing to do
  Rendered layout layouts/application.html.erb (Duration: 9.2ms | Allocations: 3995)
Completed 200 OK in 11ms (Views: 8.8ms | ActiveRecord: 1.1ms | Allocations: 4452)


Started GET "/users/new" for 127.0.0.1 at 2021-07-15 07:53:04 +0530
Processing by UsersController#new as HTML
  Rendering layout layouts/application.html.erb
  Rendering users/new.html.erb within layouts/application
  Rendered users/_form.html.erb (Duration: 2.0ms | Allocations: 674)
  Rendered users/new.html.erb within layouts/application (Duration: 2.4ms | Allocations: 768)
[Webpacker] Everything's up-to-date. Nothing to do
  Rendered layout layouts/application.html.erb (Duration: 7.9ms | Allocations: 3604)
Completed 200 OK in 9ms (Views: 8.6ms | ActiveRecord: 0.0ms | Allocations: 4063)


Started POST "/users" for 127.0.0.1 at 2021-07-15 07:53:13 +0530
Processing by UsersController#create as HTML
  Parameters: {"authenticity_token"=>"[FILTERED]", "user"=>{"name"=>"Jessica", "phone"=>"1234567890"}, "commit"=>"Create User"}
  [1m[36mTRANSACTION (1.3ms)[0m  [1m[35mBEGIN[0m
  ↳ app/controllers/users_controller.rb:17:in `create'
  [1m[36mUser Create (1.0ms)[0m  [1m[32mINSERT INTO "users" ("name", "phone", "created_at", "updated_at") VALUES ($1, $2, $3, $4) RETURNING "id"[0m  [["name", "Jessica"], ["phone", "1234567890"], ["created_at", "2021-07-15 02:23:13.841276"], ["updated_at", "2021-07-15 02:23:13.841276"]]
  ↳ app/controllers/users_controller.rb:17:in `create'
  [1m[36mTRANSACTION (1.7ms)[0m  [1m[35mCOMMIT[0m
  ↳ app/controllers/users_controller.rb:17:in `create'
Redirected to http://localhost:3000/users/4
Completed 302 Found in 10ms (ActiveRecord: 3.9ms | Allocations: 2586)


Started GET "/users/4" for 127.0.0.1 at 2021-07-15 07:53:13 +0530
Processing by UsersController#show as HTML
  Parameters: {"id"=>"4"}
  [1m[36mUser Load (1.3ms)[0m  [1m[34mSELECT "users".* FROM "users" WHERE "users"."id" = $1 LIMIT $2[0m  [["id", 4], ["LIMIT", 1]]
  ↳ app/controllers/users_controller.rb:7:in `show'
  Rendering layout layouts/application.html.erb
  Rendering users/show.html.erb within layouts/application
  Rendered users/show.html.erb within layouts/application (Duration: 0.3ms | Allocations: 75)
[Webpacker] Everything's up-to-date. Nothing to do
  Rendered layout layouts/application.html.erb (Duration: 6.2ms | Allocations: 2923)
Completed 200 OK in 12ms (Views: 7.0ms | ActiveRecord: 1.3ms | Allocations: 4054)


Started GET "/users" for 127.0.0.1 at 2021-07-15 07:53:14 +0530
Processing by UsersController#index as HTML
  Rendering layout layouts/application.html.erb
  Rendering users/index.html.erb within layouts/application
  [1m[36mUser Load (1.2ms)[0m  [1m[34mSELECT "users".* FROM "users"[0m
  ↳ app/views/users/index.html.erb:11
  Rendered users/index.html.erb within layouts/application (Duration: 4.9ms | Allocations: 1233)
[Webpacker] Everything's up-to-date. Nothing to do
  Rendered layout layouts/application.html.erb (Duration: 10.6ms | Allocations: 4081)
Completed 200 OK in 12ms (Views: 10.1ms | ActiveRecord: 1.2ms | Allocations: 4538)


Started GET "/users/new" for 127.0.0.1 at 2021-07-15 07:53:15 +0530
Processing by UsersController#new as HTML
  Rendering layout layouts/application.html.erb
  Rendering users/new.html.erb within layouts/application
  Rendered users/_form.html.erb (Duration: 1.6ms | Allocations: 674)
  Rendered users/new.html.erb within layouts/application (Duration: 1.8ms | Allocations: 768)
[Webpacker] Everything's up-to-date. Nothing to do
  Rendered layout layouts/application.html.erb (Duration: 6.3ms | Allocations: 3604)
Completed 200 OK in 8ms (Views: 6.9ms | ActiveRecord: 0.0ms | Allocations: 4063)


Started POST "/users" for 127.0.0.1 at 2021-07-15 07:53:25 +0530
Processing by UsersController#create as HTML
  Parameters: {"authenticity_token"=>"[FILTERED]", "user"=>{"name"=>"Rachel", "phone"=>"1234567890"}, "commit"=>"Create User"}
  [1m[36mTRANSACTION (1.1ms)[0m  [1m[35mBEGIN[0m
  ↳ app/controllers/users_controller.rb:17:in `create'
  [1m[36mUser Create (1.0ms)[0m  [1m[32mINSERT INTO "users" ("name", "phone", "created_at", "updated_at") VALUES ($1, $2, $3, $4) RETURNING "id"[0m  [["name", "Rachel"], ["phone", "1234567890"], ["created_at", "2021-07-15 02:23:25.123351"], ["updated_at", "2021-07-15 02:23:25.123351"]]
  ↳ app/controllers/users_controller.rb:17:in `create'
  [1m[36mTRANSACTION (1.7ms)[0m  [1m[35mCOMMIT[0m
  ↳ app/controllers/users_controller.rb:17:in `create'
Redirected to http://localhost:3000/users/5
Completed 302 Found in 10ms (ActiveRecord: 3.8ms | Allocations: 2586)


Started GET "/users/5" for 127.0.0.1 at 2021-07-15 07:53:25 +0530
Processing by UsersController#show as HTML
  Parameters: {"id"=>"5"}
  [1m[36mUser Load (1.3ms)[0m  [1m[34mSELECT "users".* FROM "users" WHERE "users"."id" = $1 LIMIT $2[0m  [["id", 5], ["LIMIT", 1]]
  ↳ app/controllers/users_controller.rb:7:in `show'
  Rendering layout layouts/application.html.erb
  Rendering users/show.html.erb within layouts/application
  Rendered users/show.html.erb within layouts/application (Duration: 0.4ms | Allocations: 75)
[Webpacker] Everything's up-to-date. Nothing to do
  Rendered layout layouts/application.html.erb (Duration: 6.1ms | Allocations: 2923)
Completed 200 OK in 11ms (Views: 6.8ms | ActiveRecord: 1.3ms | Allocations: 4053)


Started GET "/users" for 127.0.0.1 at 2021-07-15 07:53:26 +0530
Processing by UsersController#index as HTML
  Rendering layout layouts/application.html.erb
  Rendering users/index.html.erb within layouts/application
  [1m[36mUser Load (1.6ms)[0m  [1m[34mSELECT "users".* FROM "users"[0m
  ↳ app/views/users/index.html.erb:11
  Rendered users/index.html.erb within layouts/application (Duration: 5.7ms | Allocations: 1318)
[Webpacker] Everything's up-to-date. Nothing to do
  Rendered layout layouts/application.html.erb (Duration: 11.6ms | Allocations: 4166)
Completed 200 OK in 14ms (Views: 10.8ms | ActiveRecord: 1.6ms | Allocations: 4623)


Started GET "/users/new" for 127.0.0.1 at 2021-07-15 07:53:34 +0530
Processing by UsersController#new as HTML
  Rendering layout layouts/application.html.erb
  Rendering users/new.html.erb within layouts/application
  Rendered users/_form.html.erb (Duration: 1.3ms | Allocations: 674)
  Rendered users/new.html.erb within layouts/application (Duration: 1.6ms | Allocations: 768)
[Webpacker] Everything's up-to-date. Nothing to do
  Rendered layout layouts/application.html.erb (Duration: 6.3ms | Allocations: 3604)
Completed 200 OK in 8ms (Views: 6.8ms | ActiveRecord: 0.0ms | Allocations: 4063)


Started POST "/users" for 127.0.0.1 at 2021-07-15 07:53:44 +0530
Processing by UsersController#create as HTML
  Parameters: {"authenticity_token"=>"[FILTERED]", "user"=>{"name"=>"Katrina", "phone"=>"1234567890"}, "commit"=>"Create User"}
  [1m[36mTRANSACTION (1.1ms)[0m  [1m[35mBEGIN[0m
  ↳ app/controllers/users_controller.rb:17:in `create'
  [1m[36mUser Create (1.4ms)[0m  [1m[32mINSERT INTO "users" ("name", "phone", "created_at", "updated_at") VALUES ($1, $2, $3, $4) RETURNING "id"[0m  [["name", "Katrina"], ["phone", "1234567890"], ["created_at", "2021-07-15 02:23:44.183194"], ["updated_at", "2021-07-15 02:23:44.183194"]]
  ↳ app/controllers/users_controller.rb:17:in `create'
  [1m[36mTRANSACTION (1.9ms)[0m  [1m[35mCOMMIT[0m
  ↳ app/controllers/users_controller.rb:17:in `create'
Redirected to http://localhost:3000/users/6
Completed 302 Found in 16ms (ActiveRecord: 4.4ms | Allocations: 2583)


Started GET "/users/6" for 127.0.0.1 at 2021-07-15 07:53:44 +0530
Processing by UsersController#show as HTML
  Parameters: {"id"=>"6"}
  [1m[36mUser Load (1.1ms)[0m  [1m[34mSELECT "users".* FROM "users" WHERE "users"."id" = $1 LIMIT $2[0m  [["id", 6], ["LIMIT", 1]]
  ↳ app/controllers/users_controller.rb:7:in `show'
  Rendering layout layouts/application.html.erb
  Rendering users/show.html.erb within layouts/application
  Rendered users/show.html.erb within layouts/application (Duration: 0.3ms | Allocations: 75)
[Webpacker] Everything's up-to-date. Nothing to do
  Rendered layout layouts/application.html.erb (Duration: 5.6ms | Allocations: 2931)
Completed 200 OK in 11ms (Views: 6.4ms | ActiveRecord: 1.1ms | Allocations: 4063)


Started GET "/users" for 127.0.0.1 at 2021-07-15 07:53:45 +0530
Processing by UsersController#index as HTML
  Rendering layout layouts/application.html.erb
  Rendering users/index.html.erb within layouts/application
  [1m[36mUser Load (1.9ms)[0m  [1m[34mSELECT "users".* FROM "users"[0m
  ↳ app/views/users/index.html.erb:11
  Rendered users/index.html.erb within layouts/application (Duration: 5.4ms | Allocations: 1403)
[Webpacker] Everything's up-to-date. Nothing to do
  Rendered layout layouts/application.html.erb (Duration: 10.9ms | Allocations: 4253)
Completed 200 OK in 12ms (Views: 9.6ms | ActiveRecord: 1.9ms | Allocations: 4710)


Started GET "/users/new" for 127.0.0.1 at 2021-07-15 07:53:46 +0530
Processing by UsersController#new as HTML
  Rendering layout layouts/application.html.erb
  Rendering users/new.html.erb within layouts/application
  Rendered users/_form.html.erb (Duration: 2.4ms | Allocations: 674)
  Rendered users/new.html.erb within layouts/application (Duration: 2.8ms | Allocations: 768)
[Webpacker] Everything's up-to-date. Nothing to do
  Rendered layout layouts/application.html.erb (Duration: 8.3ms | Allocations: 3604)
Completed 200 OK in 10ms (Views: 9.2ms | ActiveRecord: 0.0ms | Allocations: 4064)


Started POST "/users" for 127.0.0.1 at 2021-07-15 07:54:10 +0530
Processing by UsersController#create as HTML
  Parameters: {"authenticity_token"=>"[FILTERED]", "user"=>{"name"=>"Litt", "phone"=>"1234567890"}, "commit"=>"Create User"}
  [1m[36mTRANSACTION (1.0ms)[0m  [1m[35mBEGIN[0m
  ↳ app/controllers/users_controller.rb:17:in `create'
  [1m[36mUser Create (1.3ms)[0m  [1m[32mINSERT INTO "users" ("name", "phone", "created_at", "updated_at") VALUES ($1, $2, $3, $4) RETURNING "id"[0m  [["name", "Litt"], ["phone", "1234567890"], ["created_at", "2021-07-15 02:24:10.630965"], ["updated_at", "2021-07-15 02:24:10.630965"]]
  ↳ app/controllers/users_controller.rb:17:in `create'
  [1m[36mTRANSACTION (35.1ms)[0m  [1m[35mCOMMIT[0m
  ↳ app/controllers/users_controller.rb:17:in `create'
Redirected to http://localhost:3000/users/7
Completed 302 Found in 43ms (ActiveRecord: 37.4ms | Allocations: 2581)


Started GET "/users/7" for 127.0.0.1 at 2021-07-15 07:54:10 +0530
Processing by UsersController#show as HTML
  Parameters: {"id"=>"7"}
  [1m[36mUser Load (0.9ms)[0m  [1m[34mSELECT "users".* FROM "users" WHERE "users"."id" = $1 LIMIT $2[0m  [["id", 7], ["LIMIT", 1]]
  ↳ app/controllers/users_controller.rb:7:in `show'
  Rendering layout layouts/application.html.erb
  Rendering users/show.html.erb within layouts/application
  Rendered users/show.html.erb within layouts/application (Duration: 0.2ms | Allocations: 75)
[Webpacker] Everything's up-to-date. Nothing to do
  Rendered layout layouts/application.html.erb (Duration: 5.0ms | Allocations: 2931)
Completed 200 OK in 9ms (Views: 5.5ms | ActiveRecord: 0.9ms | Allocations: 4062)


Started GET "/users" for 127.0.0.1 at 2021-07-15 07:54:11 +0530
Processing by UsersController#index as HTML
  Rendering layout layouts/application.html.erb
  Rendering users/index.html.erb within layouts/application
  [1m[36mUser Load (1.4ms)[0m  [1m[34mSELECT "users".* FROM "users"[0m
  ↳ app/views/users/index.html.erb:11
  Rendered users/index.html.erb within layouts/application (Duration: 6.7ms | Allocations: 1488)
[Webpacker] Everything's up-to-date. Nothing to do
  Rendered layout layouts/application.html.erb (Duration: 12.9ms | Allocations: 4336)
Completed 200 OK in 15ms (Views: 12.2ms | ActiveRecord: 1.4ms | Allocations: 4793)


Started GET "/users" for 127.0.0.1 at 2021-07-15 07:55:51 +0530
  [1m[35m (1.2ms)[0m  [1m[34mSELECT "schema_migrations"."version" FROM "schema_migrations" ORDER BY "schema_migrations"."version" ASC[0m
Processing by UsersController#index as HTML
Completed 500 Internal Server Error in 10ms (ActiveRecord: 0.0ms | Allocations: 3712)


  
NameError (uninitialized constant UsersController::Post):
  
app/controllers/users_controller.rb:3:in `index'
Started GET "/users" for 127.0.0.1 at 2021-07-15 07:56:12 +0530
  [1m[35m (1.0ms)[0m  [1m[34mSELECT "schema_migrations"."version" FROM "schema_migrations" ORDER BY "schema_migrations"."version" ASC[0m
Processing by UsersController#index as HTML
Completed 500 Internal Server Error in 10ms (ActiveRecord: 0.0ms | Allocations: 3712)


  
NameError (uninitialized constant UsersController::Post):
  
app/controllers/users_controller.rb:3:in `index'
Started GET "/users" for 127.0.0.1 at 2021-07-15 07:56:14 +0530
Processing by UsersController#index as HTML
Completed 500 Internal Server Error in 2ms (ActiveRecord: 0.0ms | Allocations: 2403)


  
NameError (uninitialized constant UsersController::Post):
  
app/controllers/users_controller.rb:3:in `index'
Started GET "/users" for 127.0.0.1 at 2021-07-15 07:58:11 +0530
  [1m[35m (1.2ms)[0m  [1m[34mSELECT "schema_migrations"."version" FROM "schema_migrations" ORDER BY "schema_migrations"."version" ASC[0m
Processing by UsersController#index as HTML
Completed 500 Internal Server Error in 11ms (ActiveRecord: 0.0ms | Allocations: 3712)


  
NameError (uninitialized constant UsersController::Post):
  
app/controllers/users_controller.rb:3:in `index'
Started GET "/users" for 127.0.0.1 at 2021-07-15 07:58:13 +0530
Processing by UsersController#index as HTML
Completed 500 Internal Server Error in 3ms (ActiveRecord: 0.0ms | Allocations: 2403)


  
NameError (uninitialized constant UsersController::Post):
  
app/controllers/users_controller.rb:3:in `index'
Started GET "/users" for 127.0.0.1 at 2021-07-15 07:58:28 +0530
  [1m[35m (1.0ms)[0m  [1m[34mSELECT "schema_migrations"."version" FROM "schema_migrations" ORDER BY "schema_migrations"."version" ASC[0m
Processing by UsersController#index as HTML
Completed 500 Internal Server Error in 13ms (ActiveRecord: 0.0ms | Allocations: 4394)


  
NameError (undefined local variable or method `post' for #<UsersController:0x00000000007aa8>):
  
app/controllers/users_controller.rb:3:in `index'
Started GET "/users" for 127.0.0.1 at 2021-07-15 07:58:50 +0530
Processing by UsersController#index as HTML
  Rendering layout layouts/application.html.erb
  Rendering users/index.html.erb within layouts/application
  [1m[36mUser Load (1.4ms)[0m  [1m[34mSELECT "users".* FROM "users"[0m
  ↳ app/views/users/index.html.erb:17
  Rendered users/index.html.erb within layouts/application (Duration: 29.0ms | Allocations: 12676)
[Webpacker] Everything's up-to-date. Nothing to do
  Rendered layout layouts/application.html.erb (Duration: 38.7ms | Allocations: 18276)
Completed 200 OK in 47ms (Views: 31.5ms | ActiveRecord: 9.0ms | Allocations: 21292)


Started GET "/users" for 127.0.0.1 at 2021-07-15 07:59:00 +0530
Processing by UsersController#index as HTML
  Rendering layout layouts/application.html.erb
  Rendering users/index.html.erb within layouts/application
  [1m[36mUser Load (1.1ms)[0m  [1m[34mSELECT "users".* FROM "users"[0m
  ↳ app/views/users/index.html.erb:17
  Rendered users/index.html.erb within layouts/application (Duration: 4.8ms | Allocations: 2419)
[Webpacker] Everything's up-to-date. Nothing to do
  Rendered layout layouts/application.html.erb (Duration: 10.4ms | Allocations: 5670)
Completed 200 OK in 15ms (Views: 11.6ms | ActiveRecord: 1.1ms | Allocations: 7374)


Started GET "/users" for 127.0.0.1 at 2021-07-15 07:59:44 +0530
Processing by UsersController#index as HTML
  Rendering layout layouts/application.html.erb
  Rendering users/index.html.erb within layouts/application
  [1m[36mUser Load (0.9ms)[0m  [1m[34mSELECT "users".* FROM "users"[0m
  ↳ app/views/users/index.html.erb:18
  Rendered users/index.html.erb within layouts/application (Duration: 5.8ms | Allocations: 2519)
[Webpacker] Everything's up-to-date. Nothing to do
  Rendered layout layouts/application.html.erb (Duration: 10.8ms | Allocations: 5759)
Completed 200 OK in 16ms (Views: 12.6ms | ActiveRecord: 0.9ms | Allocations: 7369)


Started GET "/users" for 127.0.0.1 at 2021-07-15 07:59:50 +0530
Processing by UsersController#index as HTML
  Rendering layout layouts/application.html.erb
  Rendering users/index.html.erb within layouts/application
  [1m[36mUser Load (1.4ms)[0m  [1m[34mSELECT "users".* FROM "users"[0m
  ↳ app/views/users/index.html.erb:18
  Rendered users/index.html.erb within layouts/application (Duration: 6.1ms | Allocations: 2483)
[Webpacker] Everything's up-to-date. Nothing to do
  Rendered layout layouts/application.html.erb (Duration: 11.8ms | Allocations: 5722)
Completed 200 OK in 16ms (Views: 11.9ms | ActiveRecord: 1.4ms | Allocations: 7316)


Started GET "/users?q%5Bname_cont%5D=li&commit=Search" for 127.0.0.1 at 2021-07-15 07:59:53 +0530
Processing by UsersController#index as HTML
  Parameters: {"q"=>{"name_cont"=>"li"}, "commit"=>"Search"}
  Rendering layout layouts/application.html.erb
  Rendering users/index.html.erb within layouts/application
  [1m[36mUser Load (1.1ms)[0m  [1m[34mSELECT "users".* FROM "users" WHERE "users"."name" ILIKE '%li%'[0m
  ↳ app/views/users/index.html.erb:18
  Rendered users/index.html.erb within layouts/application (Duration: 3.5ms | Allocations: 1430)
[Webpacker] Everything's up-to-date. Nothing to do
  Rendered layout layouts/application.html.erb (Duration: 8.1ms | Allocations: 4279)
Completed 200 OK in 11ms (Views: 7.6ms | ActiveRecord: 1.1ms | Allocations: 5372)


Started GET "/users?q%5Bname_cont%5D=li&commit=Search" for 127.0.0.1 at 2021-07-15 08:00:00 +0530
Processing by UsersController#index as HTML
  Parameters: {"q"=>{"name_cont"=>"li"}, "commit"=>"Search"}
  Rendering layout layouts/application.html.erb
  Rendering users/index.html.erb within layouts/application
  [1m[36mUser Load (1.0ms)[0m  [1m[34mSELECT "users".* FROM "users" WHERE "users"."name" ILIKE '%li%'[0m
  ↳ app/views/users/index.html.erb:18
  Rendered users/index.html.erb within layouts/application (Duration: 4.4ms | Allocations: 2017)
[Webpacker] Everything's up-to-date. Nothing to do
  Rendered layout layouts/application.html.erb (Duration: 9.4ms | Allocations: 5256)
Completed 200 OK in 14ms (Views: 10.2ms | ActiveRecord: 1.0ms | Allocations: 6909)


Started GET "/users?q%5Bname_cont%5D=li&commit=Search" for 127.0.0.1 at 2021-07-15 08:00:02 +0530
Processing by UsersController#index as HTML
  Parameters: {"q"=>{"name_cont"=>"li"}, "commit"=>"Search"}
  Rendering layout layouts/application.html.erb
  Rendering users/index.html.erb within layouts/application
  [1m[36mUser Load (1.3ms)[0m  [1m[34mSELECT "users".* FROM "users" WHERE "users"."name" ILIKE '%li%'[0m
  ↳ app/views/users/index.html.erb:18
  Rendered users/index.html.erb within layouts/application (Duration: 4.6ms | Allocations: 1372)
[Webpacker] Everything's up-to-date. Nothing to do
  Rendered layout layouts/application.html.erb (Duration: 10.9ms | Allocations: 4220)
Completed 200 OK in 13ms (Views: 10.1ms | ActiveRecord: 1.3ms | Allocations: 5133)


Started GET "/users?q%5Bname_cont%5D=a&commit=Search" for 127.0.0.1 at 2021-07-15 08:00:13 +0530
Processing by UsersController#index as HTML
  Parameters: {"q"=>{"name_cont"=>"a"}, "commit"=>"Search"}
  Rendering layout layouts/application.html.erb
  Rendering users/index.html.erb within layouts/application
  [1m[36mUser Load (0.8ms)[0m  [1m[34mSELECT "users".* FROM "users" WHERE "users"."name" ILIKE '%a%'[0m
  ↳ app/views/users/index.html.erb:18
  Rendered users/index.html.erb within layouts/application (Duration: 3.0ms | Allocations: 1713)
[Webpacker] Everything's up-to-date. Nothing to do
  Rendered layout layouts/application.html.erb (Duration: 6.9ms | Allocations: 4561)
Completed 200 OK in 10ms (Views: 6.8ms | ActiveRecord: 0.8ms | Allocations: 5341)


Started GET "/users?q%5Bname_cont%5D=A&commit=Search" for 127.0.0.1 at 2021-07-15 08:00:20 +0530
Processing by UsersController#index as HTML
  Parameters: {"q"=>{"name_cont"=>"A"}, "commit"=>"Search"}
  Rendering layout layouts/application.html.erb
  Rendering users/index.html.erb within layouts/application
  [1m[36mUser Load (0.9ms)[0m  [1m[34mSELECT "users".* FROM "users" WHERE "users"."name" ILIKE '%A%'[0m
  ↳ app/views/users/index.html.erb:18
  Rendered users/index.html.erb within layouts/application (Duration: 3.5ms | Allocations: 1713)
[Webpacker] Everything's up-to-date. Nothing to do
  Rendered layout layouts/application.html.erb (Duration: 8.5ms | Allocations: 4561)
Completed 200 OK in 11ms (Views: 8.1ms | ActiveRecord: 0.9ms | Allocations: 5341)


Started GET "/users?q%5Bname_cont%5D=E&commit=Search" for 127.0.0.1 at 2021-07-15 08:00:24 +0530
Processing by UsersController#index as HTML
  Parameters: {"q"=>{"name_cont"=>"E"}, "commit"=>"Search"}
  Rendering layout layouts/application.html.erb
  Rendering users/index.html.erb within layouts/application
  [1m[36mUser Load (0.9ms)[0m  [1m[34mSELECT "users".* FROM "users" WHERE "users"."name" ILIKE '%E%'[0m
  ↳ app/views/users/index.html.erb:18
  Rendered users/index.html.erb within layouts/application (Duration: 3.7ms | Allocations: 1636)
[Webpacker] Everything's up-to-date. Nothing to do
  Rendered layout layouts/application.html.erb (Duration: 8.1ms | Allocations: 4486)
Completed 200 OK in 10ms (Views: 7.7ms | ActiveRecord: 0.9ms | Allocations: 5279)


Started GET "/users?q%5Bname_cont%5D=a&commit=Search" for 127.0.0.1 at 2021-07-15 10:03:21 +0530
Processing by UsersController#index as HTML
  Parameters: {"q"=>{"name_cont"=>"a"}, "commit"=>"Search"}
  Rendering layout layouts/application.html.erb
  Rendering users/index.html.erb within layouts/application
  [1m[36mUser Load (1.3ms)[0m  [1m[34mSELECT "users".* FROM "users" WHERE "users"."name" ILIKE '%a%'[0m
  ↳ app/views/users/index.html.erb:17
  Rendered users/index.html.erb within layouts/application (Duration: 4.6ms | Allocations: 2430)
[Webpacker] Everything's up-to-date. Nothing to do
  Rendered layout layouts/application.html.erb (Duration: 15.7ms | Allocations: 5680)
Completed 200 OK in 36ms (Views: 15.9ms | ActiveRecord: 11.0ms | Allocations: 10390)


Started GET "/" for 127.0.0.1 at 2021-07-16 11:53:03 +0530
  [1m[35m (1.7ms)[0m  [1m[34mSELECT "schema_migrations"."version" FROM "schema_migrations" ORDER BY "schema_migrations"."version" ASC[0m
Processing by UsersController#index as HTML
  Rendering layout layouts/application.html.erb
  Rendering users/index.html.erb within layouts/application
  [1m[36mUser Load (1.8ms)[0m  [1m[34mSELECT "users".* FROM "users"[0m
  ↳ app/views/users/index.html.erb:17
  Rendered users/index.html.erb within layouts/application (Duration: 24.9ms | Allocations: 12756)
[Webpacker] Everything's up-to-date. Nothing to do
  Rendered layout layouts/application.html.erb (Duration: 37.1ms | Allocations: 18419)
Completed 200 OK in 50ms (Views: 33.1ms | ActiveRecord: 6.9ms | Allocations: 22990)


Started GET "/users?q%5Bname_cont%5D=m&commit=Search" for 127.0.0.1 at 2021-07-16 12:02:02 +0530
Processing by UsersController#index as HTML
  Parameters: {"q"=>{"name_cont"=>"m"}, "commit"=>"Search"}
  Rendering layout layouts/application.html.erb
  Rendering users/index.html.erb within layouts/application
  [1m[36mUser Load (1.2ms)[0m  [1m[34mSELECT "users".* FROM "users" WHERE "users"."name" ILIKE '%m%'[0m
  ↳ app/views/users/index.html.erb:17
  Rendered users/index.html.erb within layouts/application (Duration: 6.8ms | Allocations: 2133)
[Webpacker] Everything's up-to-date. Nothing to do
  Rendered layout layouts/application.html.erb (Duration: 12.8ms | Allocations: 5373)
Completed 200 OK in 34ms (Views: 14.2ms | ActiveRecord: 12.1ms | Allocations: 10559)


Started GET "/users?q%5Bname_cont%5D=&commit=Search" for 127.0.0.1 at 2021-07-16 12:02:04 +0530
Processing by UsersController#index as HTML
  Parameters: {"q"=>{"name_cont"=>""}, "commit"=>"Search"}
  Rendering layout layouts/application.html.erb
  Rendering users/index.html.erb within layouts/application
  [1m[36mUser Load (1.1ms)[0m  [1m[34mSELECT "users".* FROM "users"[0m
  ↳ app/views/users/index.html.erb:17
  Rendered users/index.html.erb within layouts/application (Duration: 6.3ms | Allocations: 1856)
[Webpacker] Everything's up-to-date. Nothing to do
  Rendered layout layouts/application.html.erb (Duration: 13.7ms | Allocations: 4704)
Completed 200 OK in 17ms (Views: 13.8ms | ActiveRecord: 1.1ms | Allocations: 5467)


Started DELETE "/users/3" for 127.0.0.1 at 2021-07-16 12:36:02 +0530
Processing by UsersController#destroy as HTML
  Parameters: {"authenticity_token"=>"[FILTERED]", "id"=>"3"}
  [1m[36mUser Load (0.9ms)[0m  [1m[34mSELECT "users".* FROM "users" WHERE "users"."id" = $1 LIMIT $2[0m  [["id", 3], ["LIMIT", 1]]
  ↳ app/controllers/users_controller.rb:40:in `destroy'
  [1m[36mTRANSACTION (0.7ms)[0m  [1m[35mBEGIN[0m
  ↳ app/controllers/users_controller.rb:41:in `destroy'
  [1m[36mUser Destroy (0.8ms)[0m  [1m[31mDELETE FROM "users" WHERE "users"."id" = $1[0m  [["id", 3]]
  ↳ app/controllers/users_controller.rb:41:in `destroy'
  [1m[36mTRANSACTION (1.6ms)[0m  [1m[35mCOMMIT[0m
  ↳ app/controllers/users_controller.rb:41:in `destroy'
Redirected to http://localhost:3000/
Completed 302 Found in 42ms (ActiveRecord: 14.0ms | Allocations: 8941)


Started GET "/" for 127.0.0.1 at 2021-07-16 12:36:02 +0530
Processing by UsersController#index as HTML
  Rendering layout layouts/application.html.erb
  Rendering users/index.html.erb within layouts/application
  [1m[36mUser Load (0.9ms)[0m  [1m[34mSELECT "users".* FROM "users"[0m
  ↳ app/views/users/index.html.erb:17
  Rendered users/index.html.erb within layouts/application (Duration: 4.4ms | Allocations: 1873)
[Webpacker] Everything's up-to-date. Nothing to do
  Rendered layout layouts/application.html.erb (Duration: 8.3ms | Allocations: 4843)
Completed 200 OK in 11ms (Views: 8.2ms | ActiveRecord: 0.9ms | Allocations: 5591)


Started GET "/" for 127.0.0.1 at 2021-07-18 08:18:11 +0530
  [1m[35m (1.0ms)[0m  [1m[34mSELECT "schema_migrations"."version" FROM "schema_migrations" ORDER BY "schema_migrations"."version" ASC[0m
Processing by UsersController#index as HTML
Completed 500 Internal Server Error in 14ms (ActiveRecord: 0.0ms | Allocations: 5169)


  
NoMethodError (undefined method `pagination' for #<UsersController:0x00000000007b20>):
  
app/controllers/users_controller.rb:7:in `index'
Started GET "/" for 127.0.0.1 at 2021-07-18 08:22:07 +0530
  [1m[35m (0.9ms)[0m  [1m[34mSELECT "schema_migrations"."version" FROM "schema_migrations" ORDER BY "schema_migrations"."version" ASC[0m
Processing by UsersController#index as HTML
  Rendering layout layouts/application.html.erb
  Rendering users/index.html.erb within layouts/application
  [1m[36mUser Load (0.9ms)[0m  [1m[34mSELECT "users".* FROM "users"[0m
  ↳ app/views/users/index.html.erb:17
  Rendered users/index.html.erb within layouts/application (Duration: 23.5ms | Allocations: 12668)
[Webpacker] Everything's up-to-date. Nothing to do
  Rendered layout layouts/application.html.erb (Duration: 35.2ms | Allocations: 18330)
Completed 200 OK in 46ms (Views: 31.9ms | ActiveRecord: 5.1ms | Allocations: 22901)


Started GET "/users?q%5Bname_cont%5D=m&commit=Search" for 127.0.0.1 at 2021-07-18 08:22:11 +0530
Processing by UsersController#index as HTML
  Parameters: {"q"=>{"name_cont"=>"m"}, "commit"=>"Search"}
  Rendering layout layouts/application.html.erb
  Rendering users/index.html.erb within layouts/application
  [1m[36mUser Load (1.3ms)[0m  [1m[34mSELECT "users".* FROM "users" WHERE "users"."name" ILIKE '%m%'[0m
  ↳ app/views/users/index.html.erb:17
  Rendered users/index.html.erb within layouts/application (Duration: 5.1ms | Allocations: 1620)
[Webpacker] Everything's up-to-date. Nothing to do
  Rendered layout layouts/application.html.erb (Duration: 9.9ms | Allocations: 4592)
Completed 200 OK in 16ms (Views: 9.4ms | ActiveRecord: 1.3ms | Allocations: 5823)


